<?xml version="1.0" encoding="UTF-8"?>
<!-- Generated by org.testng.reporters.JUnitReportReporter -->
<testsuite skipped="0" hostname="5-WS-036" name="com.towerhobbies.HomePage.HomePage" tests="2" failures="0" timestamp="30 Jan 2019 09:56:38 GMT" time="82.343" errors="0">
  <testcase name="Registration" time="46.361" classname="com.towerhobbies.HomePage.HomePage"/>
  <testcase name="SignIn" time="35.982" classname="com.towerhobbies.HomePage.HomePage"/>
</testsuite> <!-- com.towerhobbies.HomePage.HomePage -->
